<?xml version="1.0" encoding="UTF-8"?>
<!-- Generated by org.testng.reporters.JUnitReportReporter -->
<testsuite hostname="LAPTOP-7PO6J8JI" failures="0" tests="8" name="com.qa.testscripts.TC_AmazonSearch_001" time="26.734" errors="0" timestamp="2022-12-09T10:30:55 IST" skipped="0">
  <testcase classname="com.qa.testscripts.TC_AmazonSearch_001" name="Search" time="2.401"/>
  <system-out/>
  <testcase classname="com.qa.testscripts.TC_AmazonSearch_001" name="Search" time="2.645"/>
  <system-out/>
  <testcase classname="com.qa.testscripts.TC_AmazonSearch_001" name="Search" time="2.679"/>
  <system-out/>
  <testcase classname="com.qa.testscripts.TC_AmazonSearch_001" name="Search" time="7.236"/>
  <system-out/>
  <testcase classname="com.qa.testscripts.TC_AmazonSearch_001" name="Search" time="2.568"/>
  <system-out/>
  <testcase classname="com.qa.testscripts.TC_AmazonSearch_001" name="Search" time="3.092"/>
  <system-out/>
  <testcase classname="com.qa.testscripts.TC_AmazonSearch_001" name="Search" time="3.663"/>
  <system-out/>
  <testcase classname="com.qa.testscripts.TC_AmazonSearch_001" name="Search" time="2.450"/>
  <system-out/>
</testsuite> <!-- com.qa.testscripts.TC_AmazonSearch_001 -->
