<?xml version="1.0" encoding="UTF-8"?>
<!-- Generated by org.testng.reporters.JUnitReportReporter -->
<testsuite hostname="LAPTOP-7PO6J8JI" failures="0" tests="1" name="com.qa.testscripts.TC_Mercurysearch" time="12.096" errors="0" timestamp="2022-12-03T18:28:15 IST" skipped="0">
  <testcase classname="com.qa.testscripts.TC_Mercurysearch" name="Search" time="12.096"/>
  <system-out/>
</testsuite> <!-- com.qa.testscripts.TC_Mercurysearch -->
