<?xml version="1.0" encoding="UTF-8"?>
<!-- Generated by org.testng.reporters.JUnitReportReporter -->
<testsuite hostname="LAPTOP-7PO6J8JI" failures="0" tests="2" name="com.qa.testscripts.TC_Flipkartsearch" time="16.862" errors="0" timestamp="2022-12-08T12:43:19 IST" skipped="0">
  <testcase classname="com.qa.testscripts.TC_Flipkartsearch" name="Search" time="8.458"/>
  <system-out/>
  <testcase classname="com.qa.testscripts.TC_Flipkartsearch" name="Search" time="8.404"/>
  <system-out/>
</testsuite> <!-- com.qa.testscripts.TC_Flipkartsearch -->
