<?xml version="1.0" encoding="UTF-8"?>
<!-- Generated by org.testng.reporters.JUnitReportReporter -->
<testsuite hostname="LAPTOP-7PO6J8JI" failures="0" tests="3" name="com.qa.testscripts.TC_GoogleSearch" time="36.443" errors="0" timestamp="2022-12-09T15:03:10 IST" skipped="0">
  <testcase classname="com.qa.testscripts.TC_GoogleSearch" name="SearchGoogle" time="11.955"/>
  <system-out/>
  <testcase classname="com.qa.testscripts.TC_GoogleSearch" name="SearchGoogle" time="12.814"/>
  <system-out/>
  <testcase classname="com.qa.testscripts.TC_GoogleSearch" name="SearchGoogle" time="11.674"/>
  <system-out/>
</testsuite> <!-- com.qa.testscripts.TC_GoogleSearch -->
